  ButtonObject.cpp
C:\Users\fyr3f\Desktop\DataCom\Tic-Tac-Toe\TicTacToe\GameEngine\Vector.h(141,14): warning C4244: 'return': conversion from 'double' to 'float', possible loss of data
C:\Users\fyr3f\Desktop\DataCom\Tic-Tac-Toe\TicTacToe\GameEngine\Matrix.h(189,11): warning C4244: 'initializing': conversion from 'double' to 'float', possible loss of data
C:\Users\fyr3f\Desktop\DataCom\Tic-Tac-Toe\TicTacToe\GameEngine\Matrix.h(190,11): warning C4244: 'initializing': conversion from 'double' to 'float', possible loss of data
C:\Users\fyr3f\Desktop\DataCom\Tic-Tac-Toe\TicTacToe\GameEngine\Sprite.h(35,51): warning C4244: 'argument': conversion from 'unsigned int' to 'float', possible loss of data
C:\Users\fyr3f\Desktop\DataCom\Tic-Tac-Toe\TicTacToe\GameEngine\Sprite.h(35,38): warning C4244: 'argument': conversion from 'unsigned int' to 'float', possible loss of data
C:\Users\fyr3f\Desktop\DataCom\Tic-Tac-Toe\TicTacToe\TicTacToe\ButtonObject.cpp(69,48): warning C4305: 'argument': truncation from 'double' to 'float'
  Game.cpp
D:\Windows Kits\10\Include\10.0.18362.0\shared\minwindef.h(130,1): warning C4005: 'APIENTRY': macro redefinition
C:\Users\fyr3f\Desktop\DataCom\Tic-Tac-Toe\TicTacToe\GameEngine\SDK\glfw-3.3.2.bin.WIN32\include\GLFW\glfw3.h(123): message : see previous definition of 'APIENTRY'
C:\Users\fyr3f\Desktop\DataCom\Tic-Tac-Toe\TicTacToe\GameEngine\Application.h(29,62): warning C4244: 'argument': conversion from 'int' to 'float', possible loss of data
C:\Users\fyr3f\Desktop\DataCom\Tic-Tac-Toe\TicTacToe\GameEngine\Application.h(29,49): warning C4244: 'argument': conversion from 'int' to 'float', possible loss of data
C:\Users\fyr3f\Desktop\DataCom\Tic-Tac-Toe\TicTacToe\GameEngine\Sprite.h(35,51): warning C4244: 'argument': conversion from 'unsigned int' to 'float', possible loss of data
C:\Users\fyr3f\Desktop\DataCom\Tic-Tac-Toe\TicTacToe\GameEngine\Sprite.h(35,38): warning C4244: 'argument': conversion from 'unsigned int' to 'float', possible loss of data
  GridObject.cpp
C:\Users\fyr3f\Desktop\DataCom\Tic-Tac-Toe\TicTacToe\GameEngine\Vector.h(141,14): warning C4244: 'return': conversion from 'double' to 'float', possible loss of data
C:\Users\fyr3f\Desktop\DataCom\Tic-Tac-Toe\TicTacToe\GameEngine\Matrix.h(189,11): warning C4244: 'initializing': conversion from 'double' to 'float', possible loss of data
C:\Users\fyr3f\Desktop\DataCom\Tic-Tac-Toe\TicTacToe\GameEngine\Matrix.h(190,11): warning C4244: 'initializing': conversion from 'double' to 'float', possible loss of data
C:\Users\fyr3f\Desktop\DataCom\Tic-Tac-Toe\TicTacToe\GameEngine\Sprite.h(35,51): warning C4244: 'argument': conversion from 'unsigned int' to 'float', possible loss of data
C:\Users\fyr3f\Desktop\DataCom\Tic-Tac-Toe\TicTacToe\GameEngine\Sprite.h(35,38): warning C4244: 'argument': conversion from 'unsigned int' to 'float', possible loss of data
C:\Users\fyr3f\Desktop\DataCom\Tic-Tac-Toe\TicTacToe\TicTacToe\GridObject.cpp(20,16): warning C4244: '=': conversion from 'int' to 'float', possible loss of data
C:\Users\fyr3f\Desktop\DataCom\Tic-Tac-Toe\TicTacToe\TicTacToe\GridObject.cpp(21,16): warning C4244: '=': conversion from 'int' to 'float', possible loss of data
C:\Users\fyr3f\Desktop\DataCom\Tic-Tac-Toe\TicTacToe\TicTacToe\GridObject.cpp(91,48): warning C4305: 'argument': truncation from 'double' to 'float'
  main.cpp
C:\Users\fyr3f\Desktop\DataCom\Tic-Tac-Toe\TicTacToe\GameEngine\Application.h(29,62): warning C4244: 'argument': conversion from 'int' to 'float', possible loss of data
C:\Users\fyr3f\Desktop\DataCom\Tic-Tac-Toe\TicTacToe\GameEngine\Application.h(29,49): warning C4244: 'argument': conversion from 'int' to 'float', possible loss of data
C:\Users\fyr3f\Desktop\DataCom\Tic-Tac-Toe\TicTacToe\GameEngine\Sprite.h(35,51): warning C4244: 'argument': conversion from 'unsigned int' to 'float', possible loss of data
C:\Users\fyr3f\Desktop\DataCom\Tic-Tac-Toe\TicTacToe\GameEngine\Sprite.h(35,38): warning C4244: 'argument': conversion from 'unsigned int' to 'float', possible loss of data
C:\Users\fyr3f\Desktop\DataCom\Tic-Tac-Toe\TicTacToe\TicTacToe\main.cpp(85,22): warning C4018: '<': signed/unsigned mismatch
  Photon.cpp
C:\Users\fyr3f\Desktop\DataCom\Tic-Tac-Toe\TicTacToe\GameEngine\Application.h(29,62): warning C4244: 'argument': conversion from 'int' to 'float', possible loss of data
C:\Users\fyr3f\Desktop\DataCom\Tic-Tac-Toe\TicTacToe\GameEngine\Application.h(29,49): warning C4244: 'argument': conversion from 'int' to 'float', possible loss of data
C:\Users\fyr3f\Desktop\DataCom\Tic-Tac-Toe\TicTacToe\GameEngine\Sprite.h(35,51): warning C4244: 'argument': conversion from 'unsigned int' to 'float', possible loss of data
C:\Users\fyr3f\Desktop\DataCom\Tic-Tac-Toe\TicTacToe\GameEngine\Sprite.h(35,38): warning C4244: 'argument': conversion from 'unsigned int' to 'float', possible loss of data
C:\Users\fyr3f\Desktop\DataCom\Tic-Tac-Toe\TicTacToe\TicTacToe\Photon.cpp(55,34): warning C4244: 'argument': conversion from 'float' to 'int', possible loss of data
C:\Users\fyr3f\Desktop\DataCom\Tic-Tac-Toe\TicTacToe\TicTacToe\Photon.cpp(55,25): warning C4244: 'argument': conversion from 'float' to 'int', possible loss of data
  Generating Code...
LINK : warning LNK4098: defaultlib 'MSVCRT' conflicts with use of other libs; use /NODEFAULTLIB:library
GameEngine.lib(WebFlags.obj) : warning LNK4099: PDB 'LoadBalancing-cpp_vc14_debug_windows_md_Win32.pdb' was not found with 'GameEngine.lib(WebFlags.obj)' or at 'C:\Users\fyr3f\Desktop\DataCom\Tic-Tac-Toe\TicTacToe\Debug\LoadBalancing-cpp_vc14_debug_windows_md_Win32.pdb'; linking object as if no debug info
GameEngine.lib(RoomOptions.obj) : warning LNK4099: PDB 'LoadBalancing-cpp_vc14_debug_windows_md_Win32.pdb' was not found with 'GameEngine.lib(RoomOptions.obj)' or at 'C:\Users\fyr3f\Desktop\DataCom\Tic-Tac-Toe\TicTacToe\Debug\LoadBalancing-cpp_vc14_debug_windows_md_Win32.pdb'; linking object as if no debug info
GameEngine.lib(Room.obj) : warning LNK4099: PDB 'LoadBalancing-cpp_vc14_debug_windows_md_Win32.pdb' was not found with 'GameEngine.lib(Room.obj)' or at 'C:\Users\fyr3f\Desktop\DataCom\Tic-Tac-Toe\TicTacToe\Debug\LoadBalancing-cpp_vc14_debug_windows_md_Win32.pdb'; linking object as if no debug info
GameEngine.lib(RaiseEventOptions.obj) : warning LNK4099: PDB 'LoadBalancing-cpp_vc14_debug_windows_md_Win32.pdb' was not found with 'GameEngine.lib(RaiseEventOptions.obj)' or at 'C:\Users\fyr3f\Desktop\DataCom\Tic-Tac-Toe\TicTacToe\Debug\LoadBalancing-cpp_vc14_debug_windows_md_Win32.pdb'; linking object as if no debug info
GameEngine.lib(Player.obj) : warning LNK4099: PDB 'LoadBalancing-cpp_vc14_debug_windows_md_Win32.pdb' was not found with 'GameEngine.lib(Player.obj)' or at 'C:\Users\fyr3f\Desktop\DataCom\Tic-Tac-Toe\TicTacToe\Debug\LoadBalancing-cpp_vc14_debug_windows_md_Win32.pdb'; linking object as if no debug info
GameEngine.lib(Peer.obj) : warning LNK4099: PDB 'LoadBalancing-cpp_vc14_debug_windows_md_Win32.pdb' was not found with 'GameEngine.lib(Peer.obj)' or at 'C:\Users\fyr3f\Desktop\DataCom\Tic-Tac-Toe\TicTacToe\Debug\LoadBalancing-cpp_vc14_debug_windows_md_Win32.pdb'; linking object as if no debug info
GameEngine.lib(MutableRoom.obj) : warning LNK4099: PDB 'LoadBalancing-cpp_vc14_debug_windows_md_Win32.pdb' was not found with 'GameEngine.lib(MutableRoom.obj)' or at 'C:\Users\fyr3f\Desktop\DataCom\Tic-Tac-Toe\TicTacToe\Debug\LoadBalancing-cpp_vc14_debug_windows_md_Win32.pdb'; linking object as if no debug info
GameEngine.lib(MutablePlayer.obj) : warning LNK4099: PDB 'LoadBalancing-cpp_vc14_debug_windows_md_Win32.pdb' was not found with 'GameEngine.lib(MutablePlayer.obj)' or at 'C:\Users\fyr3f\Desktop\DataCom\Tic-Tac-Toe\TicTacToe\Debug\LoadBalancing-cpp_vc14_debug_windows_md_Win32.pdb'; linking object as if no debug info
GameEngine.lib(LobbyStatsResponse.obj) : warning LNK4099: PDB 'LoadBalancing-cpp_vc14_debug_windows_md_Win32.pdb' was not found with 'GameEngine.lib(LobbyStatsResponse.obj)' or at 'C:\Users\fyr3f\Desktop\DataCom\Tic-Tac-Toe\TicTacToe\Debug\LoadBalancing-cpp_vc14_debug_windows_md_Win32.pdb'; linking object as if no debug info
GameEngine.lib(LobbyStatsRequest.obj) : warning LNK4099: PDB 'LoadBalancing-cpp_vc14_debug_windows_md_Win32.pdb' was not found with 'GameEngine.lib(LobbyStatsRequest.obj)' or at 'C:\Users\fyr3f\Desktop\DataCom\Tic-Tac-Toe\TicTacToe\Debug\LoadBalancing-cpp_vc14_debug_windows_md_Win32.pdb'; linking object as if no debug info
GameEngine.lib(Utils.obj) : warning LNK4099: PDB 'LoadBalancing-cpp_vc14_debug_windows_md_Win32.pdb' was not found with 'GameEngine.lib(Utils.obj)' or at 'C:\Users\fyr3f\Desktop\DataCom\Tic-Tac-Toe\TicTacToe\Debug\LoadBalancing-cpp_vc14_debug_windows_md_Win32.pdb'; linking object as if no debug info
GameEngine.lib(RoomPropertiesCacher.obj) : warning LNK4099: PDB 'LoadBalancing-cpp_vc14_debug_windows_md_Win32.pdb' was not found with 'GameEngine.lib(RoomPropertiesCacher.obj)' or at 'C:\Users\fyr3f\Desktop\DataCom\Tic-Tac-Toe\TicTacToe\Debug\LoadBalancing-cpp_vc14_debug_windows_md_Win32.pdb'; linking object as if no debug info
GameEngine.lib(RoomFactory.obj) : warning LNK4099: PDB 'LoadBalancing-cpp_vc14_debug_windows_md_Win32.pdb' was not found with 'GameEngine.lib(RoomFactory.obj)' or at 'C:\Users\fyr3f\Desktop\DataCom\Tic-Tac-Toe\TicTacToe\Debug\LoadBalancing-cpp_vc14_debug_windows_md_Win32.pdb'; linking object as if no debug info
GameEngine.lib(PlayerPropertiesUpdateInformant.obj) : warning LNK4099: PDB 'LoadBalancing-cpp_vc14_debug_windows_md_Win32.pdb' was not found with 'GameEngine.lib(PlayerPropertiesUpdateInformant.obj)' or at 'C:\Users\fyr3f\Desktop\DataCom\Tic-Tac-Toe\TicTacToe\Debug\LoadBalancing-cpp_vc14_debug_windows_md_Win32.pdb'; linking object as if no debug info
GameEngine.lib(PlayerPropertiesCacher.obj) : warning LNK4099: PDB 'LoadBalancing-cpp_vc14_debug_windows_md_Win32.pdb' was not found with 'GameEngine.lib(PlayerPropertiesCacher.obj)' or at 'C:\Users\fyr3f\Desktop\DataCom\Tic-Tac-Toe\TicTacToe\Debug\LoadBalancing-cpp_vc14_debug_windows_md_Win32.pdb'; linking object as if no debug info
GameEngine.lib(PlayerMutableRoomPointerSetter.obj) : warning LNK4099: PDB 'LoadBalancing-cpp_vc14_debug_windows_md_Win32.pdb' was not found with 'GameEngine.lib(PlayerMutableRoomPointerSetter.obj)' or at 'C:\Users\fyr3f\Desktop\DataCom\Tic-Tac-Toe\TicTacToe\Debug\LoadBalancing-cpp_vc14_debug_windows_md_Win32.pdb'; linking object as if no debug info
GameEngine.lib(PlayerMovementInformant.obj) : warning LNK4099: PDB 'LoadBalancing-cpp_vc14_debug_windows_md_Win32.pdb' was not found with 'GameEngine.lib(PlayerMovementInformant.obj)' or at 'C:\Users\fyr3f\Desktop\DataCom\Tic-Tac-Toe\TicTacToe\Debug\LoadBalancing-cpp_vc14_debug_windows_md_Win32.pdb'; linking object as if no debug info
GameEngine.lib(PlayerFactory.obj) : warning LNK4099: PDB 'LoadBalancing-cpp_vc14_debug_windows_md_Win32.pdb' was not found with 'GameEngine.lib(PlayerFactory.obj)' or at 'C:\Users\fyr3f\Desktop\DataCom\Tic-Tac-Toe\TicTacToe\Debug\LoadBalancing-cpp_vc14_debug_windows_md_Win32.pdb'; linking object as if no debug info
GameEngine.lib(MutableRoomFactory.obj) : warning LNK4099: PDB 'LoadBalancing-cpp_vc14_debug_windows_md_Win32.pdb' was not found with 'GameEngine.lib(MutableRoomFactory.obj)' or at 'C:\Users\fyr3f\Desktop\DataCom\Tic-Tac-Toe\TicTacToe\Debug\LoadBalancing-cpp_vc14_debug_windows_md_Win32.pdb'; linking object as if no debug info
GameEngine.lib(MutablePlayerFactory.obj) : warning LNK4099: PDB 'LoadBalancing-cpp_vc14_debug_windows_md_Win32.pdb' was not found with 'GameEngine.lib(MutablePlayerFactory.obj)' or at 'C:\Users\fyr3f\Desktop\DataCom\Tic-Tac-Toe\TicTacToe\Debug\LoadBalancing-cpp_vc14_debug_windows_md_Win32.pdb'; linking object as if no debug info
GameEngine.lib(AuthenticationValuesSecretSetter.obj) : warning LNK4099: PDB 'LoadBalancing-cpp_vc14_debug_windows_md_Win32.pdb' was not found with 'GameEngine.lib(AuthenticationValuesSecretSetter.obj)' or at 'C:\Users\fyr3f\Desktop\DataCom\Tic-Tac-Toe\TicTacToe\Debug\LoadBalancing-cpp_vc14_debug_windows_md_Win32.pdb'; linking object as if no debug info
GameEngine.lib(FriendInfo.obj) : warning LNK4099: PDB 'LoadBalancing-cpp_vc14_debug_windows_md_Win32.pdb' was not found with 'GameEngine.lib(FriendInfo.obj)' or at 'C:\Users\fyr3f\Desktop\DataCom\Tic-Tac-Toe\TicTacToe\Debug\LoadBalancing-cpp_vc14_debug_windows_md_Win32.pdb'; linking object as if no debug info
GameEngine.lib(Client.obj) : warning LNK4099: PDB 'LoadBalancing-cpp_vc14_debug_windows_md_Win32.pdb' was not found with 'GameEngine.lib(Client.obj)' or at 'C:\Users\fyr3f\Desktop\DataCom\Tic-Tac-Toe\TicTacToe\Debug\LoadBalancing-cpp_vc14_debug_windows_md_Win32.pdb'; linking object as if no debug info
GameEngine.lib(AuthenticationValues.obj) : warning LNK4099: PDB 'LoadBalancing-cpp_vc14_debug_windows_md_Win32.pdb' was not found with 'GameEngine.lib(AuthenticationValues.obj)' or at 'C:\Users\fyr3f\Desktop\DataCom\Tic-Tac-Toe\TicTacToe\Debug\LoadBalancing-cpp_vc14_debug_windows_md_Win32.pdb'; linking object as if no debug info
GameEngine.lib(UTF8String.obj) : warning LNK4099: PDB 'Common-cpp_vc14_debug_windows_md_Win32.pdb' was not found with 'GameEngine.lib(UTF8String.obj)' or at 'C:\Users\fyr3f\Desktop\DataCom\Tic-Tac-Toe\TicTacToe\Debug\Common-cpp_vc14_debug_windows_md_Win32.pdb'; linking object as if no debug info
GameEngine.lib(ToString.obj) : warning LNK4099: PDB 'Common-cpp_vc14_debug_windows_md_Win32.pdb' was not found with 'GameEngine.lib(ToString.obj)' or at 'C:\Users\fyr3f\Desktop\DataCom\Tic-Tac-Toe\TicTacToe\Debug\Common-cpp_vc14_debug_windows_md_Win32.pdb'; linking object as if no debug info
GameEngine.lib(Win32StringConverter.obj) : warning LNK4099: PDB 'Common-cpp_vc14_debug_windows_md_Win32.pdb' was not found with 'GameEngine.lib(Win32StringConverter.obj)' or at 'C:\Users\fyr3f\Desktop\DataCom\Tic-Tac-Toe\TicTacToe\Debug\Common-cpp_vc14_debug_windows_md_Win32.pdb'; linking object as if no debug info
GameEngine.lib(Serializer.obj) : warning LNK4099: PDB 'Common-cpp_vc14_debug_windows_md_Win32.pdb' was not found with 'GameEngine.lib(Serializer.obj)' or at 'C:\Users\fyr3f\Desktop\DataCom\Tic-Tac-Toe\TicTacToe\Debug\Common-cpp_vc14_debug_windows_md_Win32.pdb'; linking object as if no debug info
GameEngine.lib(Object.obj) : warning LNK4099: PDB 'Common-cpp_vc14_debug_windows_md_Win32.pdb' was not found with 'GameEngine.lib(Object.obj)' or at 'C:\Users\fyr3f\Desktop\DataCom\Tic-Tac-Toe\TicTacToe\Debug\Common-cpp_vc14_debug_windows_md_Win32.pdb'; linking object as if no debug info
GameEngine.lib(MemoryPoolManager.obj) : warning LNK4099: PDB 'Common-cpp_vc14_debug_windows_md_Win32.pdb' was not found with 'GameEngine.lib(MemoryPoolManager.obj)' or at 'C:\Users\fyr3f\Desktop\DataCom\Tic-Tac-Toe\TicTacToe\Debug\Common-cpp_vc14_debug_windows_md_Win32.pdb'; linking object as if no debug info
GameEngine.lib(MemoryPool.obj) : warning LNK4099: PDB 'Common-cpp_vc14_debug_windows_md_Win32.pdb' was not found with 'GameEngine.lib(MemoryPool.obj)' or at 'C:\Users\fyr3f\Desktop\DataCom\Tic-Tac-Toe\TicTacToe\Debug\Common-cpp_vc14_debug_windows_md_Win32.pdb'; linking object as if no debug info
GameEngine.lib(Interface.obj) : warning LNK4099: PDB 'Common-cpp_vc14_debug_windows_md_Win32.pdb' was not found with 'GameEngine.lib(Interface.obj)' or at 'C:\Users\fyr3f\Desktop\DataCom\Tic-Tac-Toe\TicTacToe\Debug\Common-cpp_vc14_debug_windows_md_Win32.pdb'; linking object as if no debug info
GameEngine.lib(Logger.obj) : warning LNK4099: PDB 'Common-cpp_vc14_debug_windows_md_Win32.pdb' was not found with 'GameEngine.lib(Logger.obj)' or at 'C:\Users\fyr3f\Desktop\DataCom\Tic-Tac-Toe\TicTacToe\Debug\Common-cpp_vc14_debug_windows_md_Win32.pdb'; linking object as if no debug info
GameEngine.lib(JString.obj) : warning LNK4099: PDB 'Common-cpp_vc14_debug_windows_md_Win32.pdb' was not found with 'GameEngine.lib(JString.obj)' or at 'C:\Users\fyr3f\Desktop\DataCom\Tic-Tac-Toe\TicTacToe\Debug\Common-cpp_vc14_debug_windows_md_Win32.pdb'; linking object as if no debug info
GameEngine.lib(ValueToObject.obj) : warning LNK4099: PDB 'Common-cpp_vc14_debug_windows_md_Win32.pdb' was not found with 'GameEngine.lib(ValueToObject.obj)' or at 'C:\Users\fyr3f\Desktop\DataCom\Tic-Tac-Toe\TicTacToe\Debug\Common-cpp_vc14_debug_windows_md_Win32.pdb'; linking object as if no debug info
GameEngine.lib(TypeName.obj) : warning LNK4099: PDB 'Common-cpp_vc14_debug_windows_md_Win32.pdb' was not found with 'GameEngine.lib(TypeName.obj)' or at 'C:\Users\fyr3f\Desktop\DataCom\Tic-Tac-Toe\TicTacToe\Debug\Common-cpp_vc14_debug_windows_md_Win32.pdb'; linking object as if no debug info
GameEngine.lib(Thread.obj) : warning LNK4099: PDB 'Common-cpp_vc14_debug_windows_md_Win32.pdb' was not found with 'GameEngine.lib(Thread.obj)' or at 'C:\Users\fyr3f\Desktop\DataCom\Tic-Tac-Toe\TicTacToe\Debug\Common-cpp_vc14_debug_windows_md_Win32.pdb'; linking object as if no debug info
GameEngine.lib(Spinlock.obj) : warning LNK4099: PDB 'Common-cpp_vc14_debug_windows_md_Win32.pdb' was not found with 'GameEngine.lib(Spinlock.obj)' or at 'C:\Users\fyr3f\Desktop\DataCom\Tic-Tac-Toe\TicTacToe\Debug\Common-cpp_vc14_debug_windows_md_Win32.pdb'; linking object as if no debug info
GameEngine.lib(SerializerImplementation.obj) : warning LNK4099: PDB 'Common-cpp_vc14_debug_windows_md_Win32.pdb' was not found with 'GameEngine.lib(SerializerImplementation.obj)' or at 'C:\Users\fyr3f\Desktop\DataCom\Tic-Tac-Toe\TicTacToe\Debug\Common-cpp_vc14_debug_windows_md_Win32.pdb'; linking object as if no debug info
GameEngine.lib(MathHelper.obj) : warning LNK4099: PDB 'Common-cpp_vc14_debug_windows_md_Win32.pdb' was not found with 'GameEngine.lib(MathHelper.obj)' or at 'C:\Users\fyr3f\Desktop\DataCom\Tic-Tac-Toe\TicTacToe\Debug\Common-cpp_vc14_debug_windows_md_Win32.pdb'; linking object as if no debug info
GameEngine.lib(Lockguard.obj) : warning LNK4099: PDB 'Common-cpp_vc14_debug_windows_md_Win32.pdb' was not found with 'GameEngine.lib(Lockguard.obj)' or at 'C:\Users\fyr3f\Desktop\DataCom\Tic-Tac-Toe\TicTacToe\Debug\Common-cpp_vc14_debug_windows_md_Win32.pdb'; linking object as if no debug info
GameEngine.lib(KeyToObject.obj) : warning LNK4099: PDB 'Common-cpp_vc14_debug_windows_md_Win32.pdb' was not found with 'GameEngine.lib(KeyToObject.obj)' or at 'C:\Users\fyr3f\Desktop\DataCom\Tic-Tac-Toe\TicTacToe\Debug\Common-cpp_vc14_debug_windows_md_Win32.pdb'; linking object as if no debug info
GameEngine.lib(DeSerializerImplementation.obj) : warning LNK4099: PDB 'Common-cpp_vc14_debug_windows_md_Win32.pdb' was not found with 'GameEngine.lib(DeSerializerImplementation.obj)' or at 'C:\Users\fyr3f\Desktop\DataCom\Tic-Tac-Toe\TicTacToe\Debug\Common-cpp_vc14_debug_windows_md_Win32.pdb'; linking object as if no debug info
GameEngine.lib(Data.obj) : warning LNK4099: PDB 'Common-cpp_vc14_debug_windows_md_Win32.pdb' was not found with 'GameEngine.lib(Data.obj)' or at 'C:\Users\fyr3f\Desktop\DataCom\Tic-Tac-Toe\TicTacToe\Debug\Common-cpp_vc14_debug_windows_md_Win32.pdb'; linking object as if no debug info
GameEngine.lib(CustomTypeCallbackWrapper.obj) : warning LNK4099: PDB 'Common-cpp_vc14_debug_windows_md_Win32.pdb' was not found with 'GameEngine.lib(CustomTypeCallbackWrapper.obj)' or at 'C:\Users\fyr3f\Desktop\DataCom\Tic-Tac-Toe\TicTacToe\Debug\Common-cpp_vc14_debug_windows_md_Win32.pdb'; linking object as if no debug info
GameEngine.lib(Hashtable.obj) : warning LNK4099: PDB 'Common-cpp_vc14_debug_windows_md_Win32.pdb' was not found with 'GameEngine.lib(Hashtable.obj)' or at 'C:\Users\fyr3f\Desktop\DataCom\Tic-Tac-Toe\TicTacToe\Debug\Common-cpp_vc14_debug_windows_md_Win32.pdb'; linking object as if no debug info
GameEngine.lib(EGTime.obj) : warning LNK4099: PDB 'Common-cpp_vc14_debug_windows_md_Win32.pdb' was not found with 'GameEngine.lib(EGTime.obj)' or at 'C:\Users\fyr3f\Desktop\DataCom\Tic-Tac-Toe\TicTacToe\Debug\Common-cpp_vc14_debug_windows_md_Win32.pdb'; linking object as if no debug info
GameEngine.lib(DictionaryBase.obj) : warning LNK4099: PDB 'Common-cpp_vc14_debug_windows_md_Win32.pdb' was not found with 'GameEngine.lib(DictionaryBase.obj)' or at 'C:\Users\fyr3f\Desktop\DataCom\Tic-Tac-Toe\TicTacToe\Debug\Common-cpp_vc14_debug_windows_md_Win32.pdb'; linking object as if no debug info
GameEngine.lib(CustomTypeBase.obj) : warning LNK4099: PDB 'Common-cpp_vc14_debug_windows_md_Win32.pdb' was not found with 'GameEngine.lib(CustomTypeBase.obj)' or at 'C:\Users\fyr3f\Desktop\DataCom\Tic-Tac-Toe\TicTacToe\Debug\Common-cpp_vc14_debug_windows_md_Win32.pdb'; linking object as if no debug info
GameEngine.lib(BaseCharString.obj) : warning LNK4099: PDB 'Common-cpp_vc14_debug_windows_md_Win32.pdb' was not found with 'GameEngine.lib(BaseCharString.obj)' or at 'C:\Users\fyr3f\Desktop\DataCom\Tic-Tac-Toe\TicTacToe\Debug\Common-cpp_vc14_debug_windows_md_Win32.pdb'; linking object as if no debug info
GameEngine.lib(Base.obj) : warning LNK4099: PDB 'Common-cpp_vc14_debug_windows_md_Win32.pdb' was not found with 'GameEngine.lib(Base.obj)' or at 'C:\Users\fyr3f\Desktop\DataCom\Tic-Tac-Toe\TicTacToe\Debug\Common-cpp_vc14_debug_windows_md_Win32.pdb'; linking object as if no debug info
GameEngine.lib(ANSIString.obj) : warning LNK4099: PDB 'Common-cpp_vc14_debug_windows_md_Win32.pdb' was not found with 'GameEngine.lib(ANSIString.obj)' or at 'C:\Users\fyr3f\Desktop\DataCom\Tic-Tac-Toe\TicTacToe\Debug\Common-cpp_vc14_debug_windows_md_Win32.pdb'; linking object as if no debug info
GameEngine.lib(TrafficStatsGameLevel.obj) : warning LNK4099: PDB 'Photon-cpp_vc14_debug_windows_md_Win32.pdb' was not found with 'GameEngine.lib(TrafficStatsGameLevel.obj)' or at 'C:\Users\fyr3f\Desktop\DataCom\Tic-Tac-Toe\TicTacToe\Debug\Photon-cpp_vc14_debug_windows_md_Win32.pdb'; linking object as if no debug info
GameEngine.lib(TrafficStats.obj) : warning LNK4099: PDB 'Photon-cpp_vc14_debug_windows_md_Win32.pdb' was not found with 'GameEngine.lib(TrafficStats.obj)' or at 'C:\Users\fyr3f\Desktop\DataCom\Tic-Tac-Toe\TicTacToe\Debug\Photon-cpp_vc14_debug_windows_md_Win32.pdb'; linking object as if no debug info
GameEngine.lib(PhotonPeer.obj) : warning LNK4099: PDB 'Photon-cpp_vc14_debug_windows_md_Win32.pdb' was not found with 'GameEngine.lib(PhotonPeer.obj)' or at 'C:\Users\fyr3f\Desktop\DataCom\Tic-Tac-Toe\TicTacToe\Debug\Photon-cpp_vc14_debug_windows_md_Win32.pdb'; linking object as if no debug info
GameEngine.lib(OperationResponse.obj) : warning LNK4099: PDB 'Photon-cpp_vc14_debug_windows_md_Win32.pdb' was not found with 'GameEngine.lib(OperationResponse.obj)' or at 'C:\Users\fyr3f\Desktop\DataCom\Tic-Tac-Toe\TicTacToe\Debug\Photon-cpp_vc14_debug_windows_md_Win32.pdb'; linking object as if no debug info
GameEngine.lib(OperationRequest.obj) : warning LNK4099: PDB 'Photon-cpp_vc14_debug_windows_md_Win32.pdb' was not found with 'GameEngine.lib(OperationRequest.obj)' or at 'C:\Users\fyr3f\Desktop\DataCom\Tic-Tac-Toe\TicTacToe\Debug\Photon-cpp_vc14_debug_windows_md_Win32.pdb'; linking object as if no debug info
GameEngine.lib(TrafficStatsGameLevelCounter.obj) : warning LNK4099: PDB 'Photon-cpp_vc14_debug_windows_md_Win32.pdb' was not found with 'GameEngine.lib(TrafficStatsGameLevelCounter.obj)' or at 'C:\Users\fyr3f\Desktop\DataCom\Tic-Tac-Toe\TicTacToe\Debug\Photon-cpp_vc14_debug_windows_md_Win32.pdb'; linking object as if no debug info
GameEngine.lib(TrafficStatsCounter.obj) : warning LNK4099: PDB 'Photon-cpp_vc14_debug_windows_md_Win32.pdb' was not found with 'GameEngine.lib(TrafficStatsCounter.obj)' or at 'C:\Users\fyr3f\Desktop\DataCom\Tic-Tac-Toe\TicTacToe\Debug\Photon-cpp_vc14_debug_windows_md_Win32.pdb'; linking object as if no debug info
GameEngine.lib(TPeer.obj) : warning LNK4099: PDB 'Photon-cpp_vc14_debug_windows_md_Win32.pdb' was not found with 'GameEngine.lib(TPeer.obj)' or at 'C:\Users\fyr3f\Desktop\DataCom\Tic-Tac-Toe\TicTacToe\Debug\Photon-cpp_vc14_debug_windows_md_Win32.pdb'; linking object as if no debug info
GameEngine.lib(TConnect.obj) : warning LNK4099: PDB 'Photon-cpp_vc14_debug_windows_md_Win32.pdb' was not found with 'GameEngine.lib(TConnect.obj)' or at 'C:\Users\fyr3f\Desktop\DataCom\Tic-Tac-Toe\TicTacToe\Debug\Photon-cpp_vc14_debug_windows_md_Win32.pdb'; linking object as if no debug info
GameEngine.lib(SocketConnect.obj) : warning LNK4099: PDB 'Photon-cpp_vc14_debug_windows_md_Win32.pdb' was not found with 'GameEngine.lib(SocketConnect.obj)' or at 'C:\Users\fyr3f\Desktop\DataCom\Tic-Tac-Toe\TicTacToe\Debug\Photon-cpp_vc14_debug_windows_md_Win32.pdb'; linking object as if no debug info
GameEngine.lib(PingRequest.obj) : warning LNK4099: PDB 'Photon-cpp_vc14_debug_windows_md_Win32.pdb' was not found with 'GameEngine.lib(PingRequest.obj)' or at 'C:\Users\fyr3f\Desktop\DataCom\Tic-Tac-Toe\TicTacToe\Debug\Photon-cpp_vc14_debug_windows_md_Win32.pdb'; linking object as if no debug info
GameEngine.lib(PingListener.obj) : warning LNK4099: PDB 'Photon-cpp_vc14_debug_windows_md_Win32.pdb' was not found with 'GameEngine.lib(PingListener.obj)' or at 'C:\Users\fyr3f\Desktop\DataCom\Tic-Tac-Toe\TicTacToe\Debug\Photon-cpp_vc14_debug_windows_md_Win32.pdb'; linking object as if no debug info
GameEngine.lib(PhotonConnect.obj) : warning LNK4099: PDB 'Photon-cpp_vc14_debug_windows_md_Win32.pdb' was not found with 'GameEngine.lib(PhotonConnect.obj)' or at 'C:\Users\fyr3f\Desktop\DataCom\Tic-Tac-Toe\TicTacToe\Debug\Photon-cpp_vc14_debug_windows_md_Win32.pdb'; linking object as if no debug info
GameEngine.lib(PeerData.obj) : warning LNK4099: PDB 'Photon-cpp_vc14_debug_windows_md_Win32.pdb' was not found with 'GameEngine.lib(PeerData.obj)' or at 'C:\Users\fyr3f\Desktop\DataCom\Tic-Tac-Toe\TicTacToe\Debug\Photon-cpp_vc14_debug_windows_md_Win32.pdb'; linking object as if no debug info
GameEngine.lib(PeerBase.obj) : warning LNK4099: PDB 'Photon-cpp_vc14_debug_windows_md_Win32.pdb' was not found with 'GameEngine.lib(PeerBase.obj)' or at 'C:\Users\fyr3f\Desktop\DataCom\Tic-Tac-Toe\TicTacToe\Debug\Photon-cpp_vc14_debug_windows_md_Win32.pdb'; linking object as if no debug info
GameEngine.lib(Operation.obj) : warning LNK4099: PDB 'Photon-cpp_vc14_debug_windows_md_Win32.pdb' was not found with 'GameEngine.lib(Operation.obj)' or at 'C:\Users\fyr3f\Desktop\DataCom\Tic-Tac-Toe\TicTacToe\Debug\Photon-cpp_vc14_debug_windows_md_Win32.pdb'; linking object as if no debug info
GameEngine.lib(EnetPeer.obj) : warning LNK4099: PDB 'Photon-cpp_vc14_debug_windows_md_Win32.pdb' was not found with 'GameEngine.lib(EnetPeer.obj)' or at 'C:\Users\fyr3f\Desktop\DataCom\Tic-Tac-Toe\TicTacToe\Debug\Photon-cpp_vc14_debug_windows_md_Win32.pdb'; linking object as if no debug info
GameEngine.lib(EnetConnect.obj) : warning LNK4099: PDB 'Photon-cpp_vc14_debug_windows_md_Win32.pdb' was not found with 'GameEngine.lib(EnetConnect.obj)' or at 'C:\Users\fyr3f\Desktop\DataCom\Tic-Tac-Toe\TicTacToe\Debug\Photon-cpp_vc14_debug_windows_md_Win32.pdb'; linking object as if no debug info
GameEngine.lib(EnetCommand.obj) : warning LNK4099: PDB 'Photon-cpp_vc14_debug_windows_md_Win32.pdb' was not found with 'GameEngine.lib(EnetCommand.obj)' or at 'C:\Users\fyr3f\Desktop\DataCom\Tic-Tac-Toe\TicTacToe\Debug\Photon-cpp_vc14_debug_windows_md_Win32.pdb'; linking object as if no debug info
GameEngine.lib(EnetChannel.obj) : warning LNK4099: PDB 'Photon-cpp_vc14_debug_windows_md_Win32.pdb' was not found with 'GameEngine.lib(EnetChannel.obj)' or at 'C:\Users\fyr3f\Desktop\DataCom\Tic-Tac-Toe\TicTacToe\Debug\Photon-cpp_vc14_debug_windows_md_Win32.pdb'; linking object as if no debug info
GameEngine.lib(sha2.obj) : warning LNK4099: PDB 'Photon-cpp_vc14_debug_windows_md_Win32.pdb' was not found with 'GameEngine.lib(sha2.obj)' or at 'C:\Users\fyr3f\Desktop\DataCom\Tic-Tac-Toe\TicTacToe\Debug\Photon-cpp_vc14_debug_windows_md_Win32.pdb'; linking object as if no debug info
GameEngine.lib(Encryptor.obj) : warning LNK4099: PDB 'Photon-cpp_vc14_debug_windows_md_Win32.pdb' was not found with 'GameEngine.lib(Encryptor.obj)' or at 'C:\Users\fyr3f\Desktop\DataCom\Tic-Tac-Toe\TicTacToe\Debug\Photon-cpp_vc14_debug_windows_md_Win32.pdb'; linking object as if no debug info
GameEngine.lib(Encryption.obj) : warning LNK4099: PDB 'Photon-cpp_vc14_debug_windows_md_Win32.pdb' was not found with 'GameEngine.lib(Encryption.obj)' or at 'C:\Users\fyr3f\Desktop\DataCom\Tic-Tac-Toe\TicTacToe\Debug\Photon-cpp_vc14_debug_windows_md_Win32.pdb'; linking object as if no debug info
GameEngine.lib(aes256.obj) : warning LNK4099: PDB 'Photon-cpp_vc14_debug_windows_md_Win32.pdb' was not found with 'GameEngine.lib(aes256.obj)' or at 'C:\Users\fyr3f\Desktop\DataCom\Tic-Tac-Toe\TicTacToe\Debug\Photon-cpp_vc14_debug_windows_md_Win32.pdb'; linking object as if no debug info
GameEngine.lib(bn_word.obj) : warning LNK4099: PDB 'Photon-cpp_vc14_debug_windows_md_Win32.pdb' was not found with 'GameEngine.lib(bn_word.obj)' or at 'C:\Users\fyr3f\Desktop\DataCom\Tic-Tac-Toe\TicTacToe\Debug\Photon-cpp_vc14_debug_windows_md_Win32.pdb'; linking object as if no debug info
GameEngine.lib(bn_sqr.obj) : warning LNK4099: PDB 'Photon-cpp_vc14_debug_windows_md_Win32.pdb' was not found with 'GameEngine.lib(bn_sqr.obj)' or at 'C:\Users\fyr3f\Desktop\DataCom\Tic-Tac-Toe\TicTacToe\Debug\Photon-cpp_vc14_debug_windows_md_Win32.pdb'; linking object as if no debug info
GameEngine.lib(bn_shift.obj) : warning LNK4099: PDB 'Photon-cpp_vc14_debug_windows_md_Win32.pdb' was not found with 'GameEngine.lib(bn_shift.obj)' or at 'C:\Users\fyr3f\Desktop\DataCom\Tic-Tac-Toe\TicTacToe\Debug\Photon-cpp_vc14_debug_windows_md_Win32.pdb'; linking object as if no debug info
GameEngine.lib(bn_recp.obj) : warning LNK4099: PDB 'Photon-cpp_vc14_debug_windows_md_Win32.pdb' was not found with 'GameEngine.lib(bn_recp.obj)' or at 'C:\Users\fyr3f\Desktop\DataCom\Tic-Tac-Toe\TicTacToe\Debug\Photon-cpp_vc14_debug_windows_md_Win32.pdb'; linking object as if no debug info
GameEngine.lib(bn_rand.obj) : warning LNK4099: PDB 'Photon-cpp_vc14_debug_windows_md_Win32.pdb' was not found with 'GameEngine.lib(bn_rand.obj)' or at 'C:\Users\fyr3f\Desktop\DataCom\Tic-Tac-Toe\TicTacToe\Debug\Photon-cpp_vc14_debug_windows_md_Win32.pdb'; linking object as if no debug info
GameEngine.lib(bn_mul.obj) : warning LNK4099: PDB 'Photon-cpp_vc14_debug_windows_md_Win32.pdb' was not found with 'GameEngine.lib(bn_mul.obj)' or at 'C:\Users\fyr3f\Desktop\DataCom\Tic-Tac-Toe\TicTacToe\Debug\Photon-cpp_vc14_debug_windows_md_Win32.pdb'; linking object as if no debug info
GameEngine.lib(bn_mont.obj) : warning LNK4099: PDB 'Photon-cpp_vc14_debug_windows_md_Win32.pdb' was not found with 'GameEngine.lib(bn_mont.obj)' or at 'C:\Users\fyr3f\Desktop\DataCom\Tic-Tac-Toe\TicTacToe\Debug\Photon-cpp_vc14_debug_windows_md_Win32.pdb'; linking object as if no debug info
GameEngine.lib(bn_mod.obj) : warning LNK4099: PDB 'Photon-cpp_vc14_debug_windows_md_Win32.pdb' was not found with 'GameEngine.lib(bn_mod.obj)' or at 'C:\Users\fyr3f\Desktop\DataCom\Tic-Tac-Toe\TicTacToe\Debug\Photon-cpp_vc14_debug_windows_md_Win32.pdb'; linking object as if no debug info
GameEngine.lib(bn_lib.obj) : warning LNK4099: PDB 'Photon-cpp_vc14_debug_windows_md_Win32.pdb' was not found with 'GameEngine.lib(bn_lib.obj)' or at 'C:\Users\fyr3f\Desktop\DataCom\Tic-Tac-Toe\TicTacToe\Debug\Photon-cpp_vc14_debug_windows_md_Win32.pdb'; linking object as if no debug info
GameEngine.lib(bn_gcd.obj) : warning LNK4099: PDB 'Photon-cpp_vc14_debug_windows_md_Win32.pdb' was not found with 'GameEngine.lib(bn_gcd.obj)' or at 'C:\Users\fyr3f\Desktop\DataCom\Tic-Tac-Toe\TicTacToe\Debug\Photon-cpp_vc14_debug_windows_md_Win32.pdb'; linking object as if no debug info
GameEngine.lib(bn_exp.obj) : warning LNK4099: PDB 'Photon-cpp_vc14_debug_windows_md_Win32.pdb' was not found with 'GameEngine.lib(bn_exp.obj)' or at 'C:\Users\fyr3f\Desktop\DataCom\Tic-Tac-Toe\TicTacToe\Debug\Photon-cpp_vc14_debug_windows_md_Win32.pdb'; linking object as if no debug info
GameEngine.lib(bn_div.obj) : warning LNK4099: PDB 'Photon-cpp_vc14_debug_windows_md_Win32.pdb' was not found with 'GameEngine.lib(bn_div.obj)' or at 'C:\Users\fyr3f\Desktop\DataCom\Tic-Tac-Toe\TicTacToe\Debug\Photon-cpp_vc14_debug_windows_md_Win32.pdb'; linking object as if no debug info
GameEngine.lib(bn_ctx.obj) : warning LNK4099: PDB 'Photon-cpp_vc14_debug_windows_md_Win32.pdb' was not found with 'GameEngine.lib(bn_ctx.obj)' or at 'C:\Users\fyr3f\Desktop\DataCom\Tic-Tac-Toe\TicTacToe\Debug\Photon-cpp_vc14_debug_windows_md_Win32.pdb'; linking object as if no debug info
GameEngine.lib(bn_asm.obj) : warning LNK4099: PDB 'Photon-cpp_vc14_debug_windows_md_Win32.pdb' was not found with 'GameEngine.lib(bn_asm.obj)' or at 'C:\Users\fyr3f\Desktop\DataCom\Tic-Tac-Toe\TicTacToe\Debug\Photon-cpp_vc14_debug_windows_md_Win32.pdb'; linking object as if no debug info
GameEngine.lib(bn_add.obj) : warning LNK4099: PDB 'Photon-cpp_vc14_debug_windows_md_Win32.pdb' was not found with 'GameEngine.lib(bn_add.obj)' or at 'C:\Users\fyr3f\Desktop\DataCom\Tic-Tac-Toe\TicTacToe\Debug\Photon-cpp_vc14_debug_windows_md_Win32.pdb'; linking object as if no debug info
GameEngine.lib(EventData.obj) : warning LNK4099: PDB 'Photon-cpp_vc14_debug_windows_md_Win32.pdb' was not found with 'GameEngine.lib(EventData.obj)' or at 'C:\Users\fyr3f\Desktop\DataCom\Tic-Tac-Toe\TicTacToe\Debug\Photon-cpp_vc14_debug_windows_md_Win32.pdb'; linking object as if no debug info
GameEngine.lib(ConnectionProtocol.obj) : warning LNK4099: PDB 'Photon-cpp_vc14_debug_windows_md_Win32.pdb' was not found with 'GameEngine.lib(ConnectionProtocol.obj)' or at 'C:\Users\fyr3f\Desktop\DataCom\Tic-Tac-Toe\TicTacToe\Debug\Photon-cpp_vc14_debug_windows_md_Win32.pdb'; linking object as if no debug info
  TicTacToe.vcxproj -> C:\Users\fyr3f\Desktop\DataCom\Tic-Tac-Toe\TicTacToe\Debug\TicTacToe.exe
